============================= test session starts ==============================
platform linux -- Python 3.8.10, pytest-7.0.1, pluggy-1.0.0
rootdir: /mnt/c/Users/selfa/Desktop/GITHUB/EpidemicEagle, configfile: pytest.ini
plugins: anyio-3.5.0
collected 3 items

PHASE_1/API_SourceCode/backend/src/test_old.py ..                        [ 66%]
PHASE_1/TestScripts/test_api.py F                                        [100%]

=================================== FAILURES ===================================
_________________________________ test_search __________________________________

    def test_search():
        response = client.get("/api/search", params={"start_date":"2018-xx-xx xx:xx:xx", "end_date":"2018-xx-xx xx:xx:xx", "key_terms":"wow,no", "location":"somewhere"})
        assert response.status_code == 200
        print(response.json())
>       assert {"num_pages":1} in response.json()
E       TypeError: unhashable type: 'dict'

PHASE_1/TestScripts/test_api.py:32: TypeError
----------------------------- Captured stdout call -----------------------------
{'num_pages': 1, 'page_number': 1, 'results': []}
=========================== short test summary info ============================
FAILED PHASE_1/TestScripts/test_api.py::test_search - TypeError: unhashable t...
========================= 1 failed, 2 passed in 21.77s =========================
